<?xml version="1.0" encoding="UTF-8"?>
<testng-results skipped="0" failed="0" ignored="0" total="1" passed="1">
  <reporter-output>
  </reporter-output>
  <suite name="Suite" duration-ms="19082" started-at="2018-02-22T05:27:07Z" finished-at="2018-02-22T05:27:26Z">
    <groups>
    </groups>
    <test name="Test" duration-ms="19082" started-at="2018-02-22T05:27:07Z" finished-at="2018-02-22T05:27:26Z">
      <class name="com.Jenkinstestscript">
        <test-method status="PASS" signature="beforeMethod()[pri:0, instance:com.Jenkinstestscript@e45f292]" name="beforeMethod" is-config="true" duration-ms="10" started-at="2018-02-22T05:27:07Z" finished-at="2018-02-22T05:27:07Z">
          <reporter-output>
          </reporter-output>
        </test-method> <!-- beforeMethod -->
        <test-method status="PASS" signature="f()[pri:0, instance:com.Jenkinstestscript@e45f292]" name="f" duration-ms="19033" started-at="2018-02-22T05:27:07Z" finished-at="2018-02-22T05:27:26Z">
          <reporter-output>
          </reporter-output>
        </test-method> <!-- f -->
        <test-method status="PASS" signature="afterMethod()[pri:0, instance:com.Jenkinstestscript@e45f292]" name="afterMethod" is-config="true" duration-ms="0" started-at="2018-02-22T05:27:26Z" finished-at="2018-02-22T05:27:26Z">
          <reporter-output>
          </reporter-output>
        </test-method> <!-- afterMethod -->
      </class> <!-- com.Jenkinstestscript -->
    </test> <!-- Test -->
  </suite> <!-- Suite -->
</testng-results>
