<?xml version="1.0" encoding="UTF-8"?>
<testng-results skipped="0" failed="0" ignored="0" total="1" passed="1">
  <reporter-output>
  </reporter-output>
  <suite name="Default suite" duration-ms="3192" started-at="2018-02-27T12:19:13Z" finished-at="2018-02-27T12:19:17Z">
    <groups>
    </groups>
    <test name="Default test" duration-ms="3192" started-at="2018-02-27T12:19:13Z" finished-at="2018-02-27T12:19:17Z">
      <class name="com.DBverify">
        <test-method status="PASS" signature="beforeClass()[pri:0, instance:com.DBverify@4eb7f003]" name="beforeClass" is-config="true" duration-ms="3156" started-at="2018-02-27T12:19:13Z" finished-at="2018-02-27T12:19:17Z">
          <reporter-output>
          </reporter-output>
        </test-method> <!-- beforeClass -->
        <test-method status="PASS" signature="verifydbrecords()[pri:0, instance:com.DBverify@4eb7f003]" name="verifydbrecords" duration-ms="11" started-at="2018-02-27T12:19:17Z" finished-at="2018-02-27T12:19:17Z">
          <reporter-output>
          </reporter-output>
        </test-method> <!-- verifydbrecords -->
        <test-method status="PASS" signature="afterClass()[pri:0, instance:com.DBverify@4eb7f003]" name="afterClass" is-config="true" duration-ms="0" started-at="2018-02-27T12:19:17Z" finished-at="2018-02-27T12:19:17Z">
          <reporter-output>
          </reporter-output>
        </test-method> <!-- afterClass -->
      </class> <!-- com.DBverify -->
    </test> <!-- Default test -->
  </suite> <!-- Default suite -->
</testng-results>
