<?xml version="1.0" encoding="UTF-8"?>
<!-- Generated by org.testng.reporters.JUnitXMLReporter -->
<testsuite hostname="invanto" ignored="0" name="Test2" tests="1" failures="1" timestamp="01 Mar 2018 12:00:04 GMT" time="2.689" errors="0">
  <testcase name="verifydbrecords" time="2.679" classname="com.DBverify">
    <failure type="java.lang.NullPointerException">
      <![CDATA[java.lang.NullPointerException
at com.DBverify.verifydbrecords(DBverify.java:27)
... Removed 25 stack frames]]>
    </failure>
  </testcase> <!-- verifydbrecords -->
</testsuite> <!-- Test2 -->
