<?xml version="1.0" encoding="UTF-8"?>
<!-- Generated by org.testng.reporters.JUnitXMLReporter -->
<testsuite hostname="invanto" ignored="0" name="Test2" tests="1" failures="1" timestamp="27 Feb 2018 12:13:41 GMT" time="0.02" errors="0">
  <testcase name="verifydbrecords" time="0.0" classname="com.DBverify">
    <failure type="java.lang.NullPointerException">
      <![CDATA[java.lang.NullPointerException
at com.ReadData.getData(ReadData.java:33)
at com.dbconnection.dbcheck(dbconnection.java:31)
at com.DBverify.verifydbrecords(DBverify.java:17)
... Removed 25 stack frames]]>
    </failure>
  </testcase> <!-- verifydbrecords -->
</testsuite> <!-- Test2 -->
